<?xml version="1.0" encoding="UTF-8"?>
<testsuite xmlns:xsi="http://www.w3.org/2001/XMLSchema-instance" xsi:noNamespaceSchemaLocation="https://maven.apache.org/surefire/maven-surefire-plugin/xsd/surefire-test-report-3.0.xsd" version="3.0" name="TestSuite" time="84.339" tests="6" errors="0" skipped="0" failures="0">
  <properties>
[...]
</properties>
  <testcase name="runScenario[&quot;Verify registration functionality&quot;, &quot;Registration Module&quot;](1)" classname="com.bdd.runners.LoginModuleRunner" time="70.564">
    <system-out><![CDATA[Our Execution Environment is:stage
Our Execution Environment is:stage
Our Execution Environment is:stage
Our Execution Environment is:stage
Our Execution Environment is:stage
Our Execution Environment is:stage
]]></system-out>
    <system-err><![CDATA[SLF4J: Failed to load class "org.slf4j.impl.StaticLoggerBinder".
SLF4J: Defaulting to no-operation (NOP) logger implementation
SLF4J: See http://www.slf4j.org/codes.html#StaticLoggerBinder for further details.
ERROR StatusLogger Log4j2 could not find a logging implementation. Please add log4j-core to the classpath. Using SimpleLogger to log to the console...
Starting ChromeDriver 108.0.5359.71 (1e0e3868ee06e91ad636a874420e3ca3ae3756ac-refs/branch-heads/5359@{#1016}) on port 48258
Only local connections are allowed.
Please see https://chromedriver.chromium.org/sSectaurrtiitnyg -CchornosmeiDdreirvaetri o1n08s. 0f.5o3r5 9.s71u gg(1ees0tei3o8n6s8 eoen0 6kee9e1paidng6 3C6ahr8o7m44e2D0rei3vcear3 asea3f75e6.ac
-refs/branch-heads/5359@{#1016}) on port 25936
Only local connections are allowed.
Please see https://chromedriver.chromium.org/security-considerations for suggestions on keeping ChromeDriver safe.
SChtraormteiDnrgi Cvhroemre DwraisvC esrht arr1to0emd8e .s0Du.rc5c35es9s.f7u1l il(vy1e.e0
e3r868ee0 6ew9as1 asdt6a3r6tae8d7 4s4u2c0cee3scsa3faue3756ac-lrelfsy/b.ran
ch-heads/5359@{#1016}) on port 44423
Only local connections are allowed.
Please see https://chromedriver.chromium.org/security-considerations for suggestions on keeping ChromeDriver safe.
Starting ChromeDriver 108.0.5359.71 (1e0e3868ee06e91ad636a874420e3ca3ae3756ac-refs/brStarting ChromeDriver 108.0.5359.71 (1e0e3868ee06e91ad636a874420e3ca3ae3756ac-refs/branch-heads/5359@{#1016}) on port 22773
Only local connections are allowed.
Please see https://chromedriver.chromium.org/security-considerations for suggestions on keeping ChromeDriver safe.
anch-heads/5359@{#1016}) on port 42237
Only local connections are allowed.
Please see https://chromedriver.chromium.org/security-considerations for suggestions on keeping ChromeDriver safe.
ChromeDriver was started successfully.
Starting ChromeDriver 108.0.5359.71 (1e0e3868ee06e91ad636a874420e3ca3ae3756ac-refs/branch-heads/5359@{#1016}) on port 33214
Only local connections are allowed.
Please see https://chromedriver.chromium.org/security-considerations for suggestions on keeping ChromeDriver safe.
ChromeDriver was started successfully.
ChromeDriver was started successfully.
ChromeDriver was started successfully.
Jan 14, 2023 9:06:55 AM org.openqa.selenium.devtools.CdpVersionFinder findNearestMatch
WARNING: Unable to find an exact match for CDP version 108, so returning the closest version found: 107
Jan 14, 2023 9:06:55 AM org.openqa.selenium.devtools.CdpVersionFinder findNearestMatch
WARNING: Unable to find an exact match for CDP version 108, so returning the closest version found: 107
Jan 14, 2023 9:06:55 AM org.openqa.selenium.devtools.CdpVersionFinder findNearestMatch
WARNING: Unable to find an exact match for CDP version 108, so returning the closest version found: 107
Jan 14, 2023 9:06:56 AM org.openqa.selenium.devtools.CdpVersionFinder findNearestMatch
WARNING: Unable to find an exact match for CDP version 108, so returning the closest version found: 107
Jan 14, 2023 9:06:56 AM org.openqa.selenium.devtools.CdpVersionFinder findNearestMatch
WARNING: Unable to find an exact match for CDP version 108, so returning the closest version found: 107
Jan 14, 2023 9:06:56 AM org.openqa.selenium.devtools.CdpVersionFinder findNearestMatch
WARNING: Unable to find an exact match for CDP version 108, so returning the closest version found: 107
]]></system-err>
  </testcase>
  <testcase name="runScenario[&quot;Verify User Login With Invalid Credentials&quot;, &quot;Registration Module&quot;](2)" classname="com.bdd.runners.LoginModuleRunner" time="74.99"/>
  <testcase name="runScenario[&quot;Verify User Login With Invalid Credentials&quot;, &quot;Registration Module&quot;](3)" classname="com.bdd.runners.LoginModuleRunner" time="75.391"/>
  <testcase name="runScenario[&quot;Verify User Login With Invalid Credentials&quot;, &quot;Registration Module&quot;](4)" classname="com.bdd.runners.LoginModuleRunner" time="75.515"/>
  <testcase name="runScenario[&quot;Verify that login is working with correct credentials&quot;, &quot;Login Module&quot;](5)" classname="com.bdd.runners.LoginModuleRunner" time="78.386"/>
  <testcase name="runScenario[&quot;Verify logout functionality&quot;, &quot;Profile Module&quot;](6)" classname="com.bdd.runners.LoginModuleRunner" time="83.154">
    <system-out><![CDATA[Our Execution Environment is:stage
]]></system-out>
  </testcase>
</testsuite>